Sequence		tRNA     	Bounds   	tRNA	Anti	Intron Bounds	Inf	HMM	2'Str	Hit	Isotype	Isotype	Type
Name    	tRNA#	Begin    	End      	Type	Codon	Begin	End	Score	Score	Score	Origin	CM	Score	         	Note
--------	------	-----    	------   	----	-----	-----	----	------	-----	-----	------	-------	-------	---------	------
chr1	4	16861921	16861991	Gly	CCC	0	0	78.3	56.60	21.70	Inf	Gly	109.7	cytosolic	high confidence set
chr1	5	16872583	16872654	Glu	TTC	0	0	71.6	44.70	26.90	Inf	Glu	113.5	cytosolic	high confidence set
chr1	7	16889677	16889750	Asn	GTT	0	0	77.7	51.90	25.80	Inf	Asn	117.7	cytosolic	high confidence set
chr1	9	93847573	93847657	Arg	TCT	93847610	93847621	71.1	51.20	19.90	Inf	Arg	103.0	cytosolic	high confidence set
chr1	12	143691474	143691545	Gln	CTG	0	0	71.9	44.40	27.50	Inf	Gln	106.4	cytosolic	high confidence set
chr1	13	144419267	144419340	Asn	GTT	0	0	79.7	53.90	25.80	Inf	Asn	117.0	cytosolic	high confidence set
chr1	14	145129239	145129312	Asn	GTT	0	0	62.7	47.40	15.30	Inf	Asn	91.4	cytosolic	high confidence set
chr1	15	145157157	145157229	Val	CAC	0	0	59.3	38.80	20.50	Inf	Val	96.5	cytosolic	high confidence set
chr1	20	145287766	145287839	Asn	GTT	0	0	80.9	55.20	25.70	Inf	Asn	120.1	cytosolic	high confidence set
chr1	22	145459658	145459729	Gln	CTG	0	0	71.9	44.40	27.50	Inf	Gln	106.7	cytosolic	high confidence set
chr1	24	146035692	146035763	Glu	CTC	0	0	73.2	49.00	24.20	Inf	Glu	113.6	cytosolic	high confidence set
chr1	25	146037061	146037132	Gly	TCC	0	0	73.8	49.30	24.50	Inf	Gly	102.9	cytosolic	high confidence set
chr1	26	146038044	146038115	His	GTG	0	0	60.1	29.80	30.30	Inf	His	104.9	cytosolic	high confidence set
chr1	27	146039401	146039473	Lys	CTT	0	0	87.8	68.80	19.00	Inf	Lys	122.7	cytosolic	high confidence set
chr1	29	146370101	146370174	Asn	GTT	0	0	67.9	46.20	21.70	Inf	Asn	103.2	cytosolic	high confidence set
chr1	32	147073225	147073296	His	GTG	0	0	60.1	29.80	30.30	Inf	His	104.9	cytosolic	high confidence set
chr1	35	148032790	148032861	Gln	CTG	0	0	71.9	44.40	27.50	Inf	Gln	106.7	cytosolic	high confidence set
chr1	37	148281365	148281436	His	GTG	0	0	60.1	29.80	30.30	Inf	His	104.9	cytosolic	high confidence set
chr1	38	148328812	148328883	Gln	CTG	0	0	58.5	36.20	22.30	Inf	Gln	89.1	cytosolic	high confidence set
chr1	41	148529257	148529330	Asn	GTT	0	0	80.9	55.20	25.70	Inf	Asn	120.1	cytosolic	high confidence set
chr1	44	153671250	153671321	iMet	CAT	0	0	60.4	30.80	29.60	Inf	iMet	130.6	cytosolic	high confidence set
chr1	46	161441533	161441615	Leu	CAG	0	0	78.2	47.50	30.70	Inf	Leu	124.9	cytosolic	high confidence set
chr1	47	161443304	161443374	Gly	GCC	0	0	80.9	60.10	20.80	Inf	Gly	108.6	cytosolic	high confidence set
chr1	48	161448951	161449033	Leu	CAG	0	0	78.2	47.50	30.70	Inf	Leu	124.9	cytosolic	high confidence set
chr1	49	161450677	161450747	Gly	GCC	0	0	80.9	60.10	20.80	Inf	Gly	108.6	cytosolic	high confidence set
chr1	50	161456332	161456414	Leu	CAG	0	0	78.2	47.50	30.70	Inf	Leu	124.9	cytosolic	high confidence set
chr1	51	161458108	161458178	Gly	GCC	0	0	80.9	60.10	20.80	Inf	Gly	108.6	cytosolic	high confidence set
chr1	52	161463742	161463824	Leu	CAG	0	0	78.2	47.50	30.70	Inf	Leu	124.9	cytosolic	high confidence set
chr1	53	161465468	161465538	Gly	GCC	0	0	80.9	60.10	20.80	Inf	Gly	108.6	cytosolic	high confidence set
chr1	54	161471123	161471205	Leu	CAG	0	0	78.2	47.50	30.70	Inf	Leu	124.9	cytosolic	high confidence set
chr1	55	161480566	161480636	Gly	GCC	0	0	69.4	50.30	19.10	Inf	Gly	98.4	cytosolic	high confidence set
chr1	57	161531113	161531184	Gly	TCC	0	0	73.8	49.30	24.50	Inf	Gly	102.9	cytosolic	high confidence set
chr1	58	161540241	161540314	Asn	GTT	0	0	81.5	55.70	25.80	Inf	Asn	116.0	cytosolic	high confidence set
chr1	63	167714725	167714796	Pro	CGG	0	0	70.2	43.80	26.40	Inf	Pro	121.0	cytosolic	high confidence set
chr1	64	204506527	204506599	Lys	TTT	0	0	87.8	67.30	20.50	Inf	Lys	113.5	cytosolic	high confidence set
chr1	66	222465005	222465077	Thr	TGT	0	0	84.1	60.00	24.10	Inf	Thr	97.1	cytosolic	high confidence set
chr1	69	248873855	248873960	Leu	CAA	248873893	248873914	73.6	52.30	21.30	Inf	Leu	130.6	cytosolic	high confidence set
chr1	70	248874248	248874319	Glu	CTC	0	0	68.7	47.40	21.30	Inf	Glu	106.3	cytosolic	high confidence set
chr1	72	204507102	204507030	Lys	TTT	0	0	87.8	67.30	20.50	Inf	Lys	113.5	cytosolic	high confidence set
chr1	75	167715559	167715488	Pro	AGG	0	0	70.2	43.80	26.40	Inf	Pro	121.0	cytosolic	high confidence set
chr1	76	161612029	161611946	Leu	CAA	0	0	57.5	39.40	18.10	Inf	Leu	84.2	cytosolic	high confidence set
chr1	78	161530424	161530342	Leu	CAG	0	0	78.2	47.50	30.70	Inf	Leu	124.9	cytosolic	high confidence set
chr1	79	161523917	161523847	Gly	GCC	0	0	81.0	59.90	21.10	Inf	Gly	111.7	cytosolic	high confidence set
chr1	80	161470486	161470415	Asp	GTC	0	0	66.5	35.70	30.80	Inf	Asp	109.9	cytosolic	high confidence set
chr1	81	161469828	161469757	Gly	TCC	0	0	73.8	49.30	24.50	Inf	Gly	102.9	cytosolic	high confidence set
chr1	82	161469470	161469399	Glu	CTC	0	0	73.2	49.00	24.20	Inf	Glu	113.6	cytosolic	high confidence set
chr1	83	161463105	161463034	Asp	GTC	0	0	66.5	35.70	30.80	Inf	Asp	109.9	cytosolic	high confidence set
chr1	84	161462447	161462376	Gly	TCC	0	0	73.8	49.30	24.50	Inf	Gly	102.9	cytosolic	high confidence set
chr1	85	161462090	161462019	Glu	CTC	0	0	73.2	49.00	24.20	Inf	Glu	113.6	cytosolic	high confidence set
chr1	86	161455695	161455624	Asp	GTC	0	0	66.5	35.70	30.80	Inf	Asp	109.9	cytosolic	high confidence set
chr1	87	161455037	161454966	Gly	TCC	0	0	73.8	49.30	24.50	Inf	Gly	102.9	cytosolic	high confidence set
chr1	88	161454679	161454608	Glu	CTC	0	0	73.2	49.00	24.20	Inf	Glu	113.6	cytosolic	high confidence set
chr1	89	161448314	161448243	Asp	GTC	0	0	66.5	35.70	30.80	Inf	Asp	109.9	cytosolic	high confidence set
chr1	90	161447656	161447585	Gly	TCC	0	0	73.8	49.30	24.50	Inf	Gly	102.9	cytosolic	high confidence set
chr1	91	161447299	161447228	Glu	CTC	0	0	73.2	49.00	24.20	Inf	Glu	113.6	cytosolic	high confidence set
chr1	92	161440896	161440825	Asp	GTC	0	0	66.5	35.70	30.80	Inf	Asp	109.9	cytosolic	high confidence set
chr1	93	161440242	161440171	Gly	TCC	0	0	56.0	41.50	14.50	Inf	Gly	86.4	cytosolic	high confidence set
chr1	94	161428150	161428077	Asn	GTT	0	0	80.9	55.20	25.70	Inf	Asn	120.1	cytosolic	high confidence set
chr1	95	161422164	161422093	Glu	TTC	0	0	68.7	44.50	24.20	Inf	Glu	112.8	cytosolic	high confidence set
chr1	96	161399772	161399700	Val	CAC	0	0	79.4	49.30	30.10	Inf	Val	116.7	cytosolic	high confidence set
chr1	97	159141684	159141611	Arg	TCT	0	0	78.5	56.90	21.60	Inf	Arg	91.4	cytosolic	high confidence set
chr1	99	149740321	149740248	Asn	GTT	0	0	69.8	48.30	21.50	Inf	Asn	101.4	cytosolic	high confidence set
chr1	100	149712624	149712552	Val	CAC	0	0	79.4	49.30	30.10	Inf	Val	116.7	cytosolic	high confidence set
chr1	105	149646524	149646451	Asn	GTT	0	0	53.5	38.90	14.60	Inf	Asn	97.1	cytosolic	high confidence set
chr1	106	149558493	149558419	Asn	GTT	0	0	64.1	46.90	17.20	Inf	Asn	101.9	cytosolic	high confidence set
chr1	110	148302805	148302734	His	GTG	0	0	60.1	29.80	30.30	Inf	His	104.9	cytosolic	high confidence set
chr1	111	148265179	148265108	Gln	CTG	0	0	71.9	44.40	27.50	Inf	Gln	106.4	cytosolic	high confidence set
chr1	113	148048589	148048516	Asn	GTT	0	0	68.6	49.80	18.80	Inf	Asn	106.1	cytosolic	high confidence set
chr1	117	145475454	145475381	Asn	GTT	0	0	74.9	52.00	22.90	Inf	Asn	113.2	cytosolic	high confidence set
chr1	118	144567588	144567515	Asn	GTT	0	0	80.9	55.20	25.70	Inf	Asn	120.1	cytosolic	high confidence set
chr1	121	143831781	143831708	Asn	GTT	0	0	54.5	35.10	19.40	Inf	Asn	88.6	cytosolic	high confidence set
chr1	122	143804066	143803994	Val	CAC	0	0	72.2	46.10	26.10	Inf	Val	110.9	cytosolic	high confidence set
chr1	127	143735993	143735920	Asn	GTT	0	0	73.8	51.20	22.60	Inf	Asn	112.5	cytosolic	high confidence set
chr1	131	121048505	121048432	Asn	GTT	0	0	62.4	40.90	21.50	Inf	Asn	88.3	cytosolic	high confidence set
chr1	132	121020801	121020729	Val	CAC	0	0	79.4	49.30	30.10	Inf	Val	116.7	cytosolic	high confidence set
chr1	137	120952364	120952291	Asn	GTT	0	0	53.5	38.90	14.60	Inf	Asn	97.1	cytosolic	high confidence set
chr1	138	120844335	120844262	Asn	GTT	0	0	73.5	54.70	18.80	Inf	Asn	106.4	cytosolic	high confidence set
chr1	140	93516349	93516277	Cys	GCA	0	0	77.8	57.60	20.20	Inf	Cys	112.6	cytosolic	high confidence set
chr1	141	54957941	54957869	Lys	CTT	0	0	64.8	54.80	10.00	Inf	Lys	98.3	cytosolic	high confidence set
chr1	145	16546009	16545939	Gly	CCC	0	0	78.3	56.60	21.70	Inf	Gly	109.7	cytosolic	high confidence set
chr1	146	16535350	16535279	Glu	TTC	0	0	68.7	44.50	24.20	Inf	Glu	112.8	cytosolic	high confidence set
chr1	148	16520658	16520585	Asn	GTT	0	0	76.5	51.10	25.40	Inf	Asn	117.1	cytosolic	high confidence set
chr10	2	67764503	67764584	Ser	TGA	0	0	94.0	64.50	29.50	Inf	Ser	126.7	cytosolic	high confidence set
chr10	4	22229582	22229509	Asn	GTT	0	0	80.9	55.20	25.70	Inf	Asn	120.1	cytosolic	high confidence set
chr10	6	5853783	5853711	Val	TAC	0	0	80.7	52.50	28.20	Inf	Val	107.2	cytosolic	high confidence set
chr11	1	9275243	9275316	Leu	CAA	0	0	66.5	48.70	17.80	Inf	Met	98.4	cytosolic	IPD:-95.80,isotype mismatch
chr11	2	59551294	59551379	Arg	TCT	59551331	59551343	70.3	50.00	20.30	Inf	Arg	104.1	cytosolic	high confidence set
chr11	3	59551755	59551837	Leu	TAA	0	0	85.0	53.40	31.60	Inf	Leu	110.5	cytosolic	high confidence set
chr11	4	59556429	59556501	Lys	TTT	0	0	84.9	68.10	16.80	Inf	Lys	106.6	cytosolic	high confidence set
chr11	5	66348120	66348201	Ser	GCT	0	0	89.1	62.10	27.00	Inf	Ser	127.7	cytosolic	high confidence set
chr11	6	76235513	76235584	Pro	AGG	0	0	70.2	43.80	26.40	Inf	Pro	121.0	cytosolic	high confidence set
chr11	10	122559947	122560019	Lys	TTT	0	0	87.7	66.60	21.10	Inf	Lys	111.3	cytosolic	high confidence set
chr11	12	76235896	76235825	Pro	TGG	0	0	70.5	44.30	26.20	Inf	Pro	115.9	cytosolic	high confidence set
chr11	13	59566452	59566380	Phe	GAA	0	0	87.9	67.40	20.50	Inf	Phe	123.6	cytosolic	high confidence set
chr11	14	59560407	59560335	Lys	TTT	0	0	87.8	67.30	20.50	Inf	Lys	113.5	cytosolic	high confidence set
chr11	15	59557569	59557497	Phe	GAA	0	0	88.9	68.40	20.50	Inf	Phe	124.5	cytosolic	high confidence set
chr11	16	59551059	59550987	Val	TAC	0	0	80.5	52.30	28.20	Inf	Val	108.4	cytosolic	high confidence set
chr11	17	59550701	59550629	Val	TAC	0	0	82.9	54.70	28.20	Inf	Val	111.9	cytosolic	high confidence set
chr12	1	27690373	27690445	Lys	TTT	0	0	50.7	40.10	10.60	Inf	Lys	81.3	cytosolic	high confidence set
chr12	2	56190364	56190445	Ser	CGA	0	0	89.6	61.30	28.30	Inf	Ser	126.6	cytosolic	high confidence set
chr12	4	96036021	96036092	Asp	GTC	0	0	66.5	35.70	30.80	Inf	Asp	109.9	cytosolic	high confidence set
chr12	5	98503503	98503574	Asp	GTC	0	0	65.4	34.70	30.70	Inf	Asp	112.7	cytosolic	high confidence set
chr12	6	98504252	98504323	Trp	CCA	0	0	74.3	51.60	22.70	Inf	Trp	103.7	cytosolic	high confidence set
chr12	8	124939966	124940037	Ala	TGC	0	0	78.8	54.40	24.40	Inf	Ala	106.4	cytosolic	high confidence set
chr12	10	124939718	124939647	Asp	GTC	0	0	66.5	35.70	30.80	Inf	Asp	109.9	cytosolic	high confidence set
chr12	11	124927915	124927843	Phe	GAA	0	0	88.9	68.40	20.50	Inf	Phe	124.5	cytosolic	high confidence set
chr12	12	124927416	124927345	Asp	GTC	0	0	66.5	35.70	30.80	Inf	Asp	109.9	cytosolic	high confidence set
chr12	13	124921826	124921755	Ala	TGC	0	0	79.7	55.30	24.40	Inf	Ala	111.9	cytosolic	high confidence set
chr13	2	94549722	94549650	Phe	GAA	0	0	88.9	68.40	20.50	Inf	Phe	124.5	cytosolic	high confidence set
chr13	3	44917998	44917927	Glu	TTC	0	0	71.2	46.50	24.70	Inf	Glu	103.6	cytosolic	high confidence set
chr13	5	41060809	41060738	Glu	TTC	0	0	72.5	47.50	25.00	Inf	Glu	106.4	cytosolic	high confidence set
chr13	6	30674037	30673964	Asn	GTT	0	0	80.9	55.20	25.70	Inf	Asn	120.1	cytosolic	high confidence set
chr14	1	20610132	20610213	Leu	AAG	0	0	74.8	55.10	19.70	Inf	Leu	116.5	cytosolic	high confidence set
chr14	2	20625370	20625451	Leu	TAG	0	0	74.1	54.10	20.00	Inf	Leu	113.9	cytosolic	high confidence set
chr14	3	20633006	20633077	Pro	TGG	0	0	74.9	48.50	26.40	Inf	Pro	121.6	cytosolic	high confidence set
chr14	4	20681690	20681762	Thr	TGT	0	0	78.0	54.80	23.20	Inf	Thr	93.1	cytosolic	high confidence set
chr14	5	20683273	20683361	Tyr	GTA	20683310	20683325	75.5	47.60	27.90	Inf	Tyr	118.0	cytosolic	high confidence set
chr14	6	20684016	20684087	Pro	TGG	0	0	70.3	43.90	26.40	Inf	Pro	121.0	cytosolic	high confidence set
chr14	7	22929701	22929773	Arg	ACG	0	0	67.6	45.90	21.70	Inf	Arg	101.0	cytosolic	high confidence set
chr14	8	72962971	72963042	Cys	GCA	0	0	77.3	57.00	20.30	Inf	Cys	117.1	cytosolic	high confidence set
chr14	9	88979098	88979170	Ala	AGC	0	0	56.7	35.80	20.90	Inf	Ala	92.0	cytosolic	high confidence set
chr14	10	102317092	102317165	Ile	AAT	0	0	81.2	64.80	16.40	Inf	Ile	114.0	cytosolic	high confidence set
chr14	12	58239967	58239895	Lys	CTT	0	0	88.0	69.30	18.70	Inf	Lys	119.6	cytosolic	high confidence set
chr14	16	20663285	20663192	Tyr	GTA	20663248	20663228	75.3	47.40	27.90	Inf	Tyr	118.0	cytosolic	high confidence set
chr14	17	20660051	20659958	Tyr	GTA	20660014	20659994	74.3	46.40	27.90	Inf	Tyr	117.5	cytosolic	high confidence set
chr14	18	20657557	20657464	Tyr	GTA	20657520	20657500	75.3	46.40	28.90	Inf	Tyr	116.3	cytosolic	high confidence set
chr14	19	20653192	20653099	Tyr	GTA	20653155	20653135	75.3	47.40	27.90	Inf	Tyr	118.0	cytosolic	high confidence set
chr14	20	20631232	20631160	Thr	TGT	0	0	78.8	54.70	24.10	Inf	Thr	93.4	cytosolic	high confidence set
chr14	21	20613862	20613790	Thr	TGT	0	0	80.0	55.90	24.10	Inf	Thr	95.2	cytosolic	high confidence set
chr14	22	20613472	20613401	Pro	AGG	0	0	70.2	43.80	26.40	Inf	Pro	121.0	cytosolic	high confidence set
chr14	23	20609407	20609336	Pro	AGG	0	0	70.2	43.80	26.40	Inf	Pro	121.0	cytosolic	high confidence set
chr15	1	45201151	45201222	His	GTG	0	0	60.1	29.80	30.30	Inf	His	104.9	cytosolic	high confidence set
chr15	2	78860562	78860634	Lys	CTT	0	0	88.0	69.30	18.70	Inf	Lys	119.6	cytosolic	high confidence set
chr15	3	79744655	79744727	Cys	GCA	0	0	78.7	58.50	20.20	Inf	Cys	114.2	cytosolic	high confidence set
chr15	4	89335073	89335145	Arg	TCG	0	0	74.8	55.10	19.70	Inf	Arg	107.1	cytosolic	high confidence set
chr15	7	65869133	65869062	Gln	CTG	0	0	71.5	44.00	27.50	Inf	Gln	112.1	cytosolic	high confidence set
chr15	8	45200484	45200413	His	GTG	0	0	60.1	29.80	30.30	Inf	His	104.9	cytosolic	high confidence set
chr15	9	45198677	45198606	His	GTG	0	0	60.1	29.80	30.30	Inf	His	104.9	cytosolic	high confidence set
chr15	10	40593906	40593825	Ser	GCT	0	0	88.4	61.60	26.80	Inf	Ser	127.3	cytosolic	high confidence set
chr15	11	26082305	26082234	Glu	TTC	0	0	71.2	46.50	24.70	Inf	Glu	103.6	cytosolic	high confidence set
chr16	2	3150674	3150746	Arg	CCG	0	0	67.0	49.40	17.60	Inf	Arg	100.7	cytosolic	high confidence set
chr16	3	3152900	3152972	Arg	CCT	0	0	71.7	56.30	15.40	Inf	Arg	98.4	cytosolic	high confidence set
chr16	4	3158922	3158993	Pro	TGG	0	0	70.3	43.90	26.40	Inf	Pro	121.0	cytosolic	high confidence set
chr16	6	3164938	3165010	Lys	CTT	0	0	57.8	44.60	13.20	Inf	Lys	91.1	cytosolic	high confidence set
chr16	7	3172048	3172119	Pro	CGG	0	0	70.2	43.80	26.40	Inf	Pro	121.0	cytosolic	high confidence set
chr16	8	3175691	3175763	Lys	CTT	0	0	87.8	68.80	19.00	Inf	Lys	122.7	cytosolic	high confidence set
chr16	9	3188094	3188165	Pro	TGG	0	0	70.3	43.90	26.40	Inf	Pro	121.0	cytosolic	high confidence set
chr16	10	3189634	3189705	Pro	AGG	0	0	70.2	43.80	26.40	Inf	Pro	121.0	cytosolic	high confidence set
chr16	11	3191501	3191573	Lys	CTT	0	0	82.3	69.10	13.20	Inf	Lys	117.7	cytosolic	high confidence set
chr16	12	3191989	3192060	Pro	AGG	0	0	71.5	45.10	26.40	Inf	Pro	118.1	cytosolic	high confidence set
chr16	13	3193918	3193990	Arg	CCT	0	0	54.7	36.70	18.00	Inf	Arg	78.7	cytosolic	high confidence set
chr16	16	14285893	14285964	Thr	CGT	0	0	79.6	56.00	23.60	Inf	Thr	97.3	cytosolic	high confidence set
chr16	17	22297140	22297221	Leu	AAG	0	0	74.8	55.10	19.70	Inf	Leu	116.5	cytosolic	high confidence set
chr16	18	57299951	57300033	Leu	CAG	0	0	77.3	47.50	29.80	Inf	Leu	124.5	cytosolic	high confidence set
chr16	19	70788694	70788764	Gly	GCC	0	0	54.7	44.30	10.40	Inf	Gly	92.6	cytosolic	high confidence set
chr16	20	70789507	70789577	Gly	GCC	0	0	81.0	59.90	21.10	Inf	Gly	111.7	cytosolic	high confidence set
chr16	21	71426493	71426565	Met	CAT	0	0	82.7	58.80	23.90	Inf	Met	110.6	cytosolic	high confidence set
chr16	22	87384094	87384022	Met	CAT	0	0	77.4	56.10	21.30	Inf	Met	117.3	cytosolic	high confidence set
chr16	24	73478389	73478317	Lys	TTT	0	0	89.0	67.80	21.20	Inf	Lys	110.6	cytosolic	high confidence set
chr16	25	70779109	70779039	Gly	GCC	0	0	81.0	59.90	21.10	Inf	Gly	111.7	cytosolic	high confidence set
chr16	26	70778281	70778211	Gly	GCC	0	0	75.0	55.60	19.40	Inf	Gly	103.6	cytosolic	high confidence set
chr16	27	57300562	57300480	Leu	CAG	0	0	77.3	47.50	29.80	Inf	Leu	124.5	cytosolic	high confidence set
chr16	28	22195792	22195711	Leu	TAG	0	0	73.9	57.10	16.80	Inf	Leu	115.7	cytosolic	high confidence set
chr16	29	3184204	3184133	Pro	TGG	0	0	70.3	43.90	26.40	Inf	Pro	121.0	cytosolic	high confidence set
chr16	30	3182706	3182635	Pro	AGG	0	0	70.2	43.80	26.40	Inf	Pro	121.0	cytosolic	high confidence set
chr16	31	3180626	3180554	Lys	CTT	0	0	69.3	55.00	14.30	Inf	Lys	107.9	cytosolic	high confidence set
chr16	33	3157477	3157405	Lys	CTT	0	0	83.1	64.20	18.90	Inf	Lys	115.8	cytosolic	high confidence set
chr16	34	636806	636736	Gly	CCC	0	0	75.1	46.00	29.10	Inf	Gly	100.7	cytosolic	high confidence set
chr17	1	8119155	8119227	Lys	TTT	0	0	87.8	67.30	20.50	Inf	Lys	113.5	cytosolic	high confidence set
chr17	2	8119752	8119823	Gln	CTG	0	0	71.5	44.00	27.50	Inf	Gln	112.1	cytosolic	high confidence set
chr17	3	8120925	8121012	Arg	TCT	8120962	8120976	70.8	50.50	20.30	Inf	Arg	101.4	cytosolic	high confidence set
chr17	4	8125746	8125816	Gly	GCC	0	0	81.0	59.90	21.10	Inf	Gly	111.7	cytosolic	high confidence set
chr17	5	8186358	8186429	Trp	CCA	0	0	73.3	50.60	22.70	Inf	Trp	106.9	cytosolic	high confidence set
chr17	6	8186866	8186947	Ser	GCT	0	0	88.4	61.60	26.80	Inf	Ser	127.3	cytosolic	high confidence set
chr17	7	8187160	8187233	Thr	AGT	0	0	82.6	61.60	21.00	Inf	Thr	105.0	cytosolic	high confidence set
chr17	8	8187593	8187666	Ile	AAT	0	0	81.2	64.80	16.40	Inf	Ile	114.0	cytosolic	high confidence set
chr17	9	8221548	8221619	Gly	TCC	0	0	73.8	49.30	24.50	Inf	Gly	102.9	cytosolic	high confidence set
chr17	10	19508181	19508252	Trp	CCA	0	0	75.1	52.40	22.70	Inf	Trp	106.3	cytosolic	high confidence set
chr17	11	19860862	19860932	Gly	CCC	0	0	68.3	51.50	16.80	Inf	Gly	103.0	cytosolic	high confidence set
chr17	12	31550074	31550145	Thr	CGT	0	0	78.3	58.20	20.10	Inf	Thr	93.8	cytosolic	high confidence set
chr17	13	38867645	38867716	Cys	GCA	0	0	81.9	61.60	20.30	Inf	Cys	118.5	cytosolic	high confidence set
chr17	14	49192528	49192599	Gln	TTG	0	0	72.6	45.70	26.90	Inf	Gln	112.0	cytosolic	high confidence set
chr17	16	75033906	75033978	Arg	CCT	0	0	72.3	54.00	18.30	Inf	Arg	98.8	cytosolic	high confidence set
chr17	17	75035113	75035185	Arg	TCG	0	0	68.8	48.90	19.90	Inf	Arg	102.3	cytosolic	high confidence set
chr17	18	82494792	82494721	iMet	CAT	0	0	60.4	30.80	29.60	Inf	iMet	130.6	cytosolic	high confidence set
chr17	19	75034503	75034431	Arg	CCT	0	0	71.1	52.80	18.30	Inf	Arg	99.8	cytosolic	high confidence set
chr17	21	68019969	68019897	Arg	CCG	0	0	64.9	47.20	17.70	Inf	Arg	96.9	cytosolic	high confidence set
chr17	25	39154562	39154491	Cys	GCA	0	0	81.9	61.60	20.30	Inf	Cys	118.5	cytosolic	high confidence set
chr17	26	39153805	39153734	Cys	GCA	0	0	81.9	61.60	20.30	Inf	Cys	118.5	cytosolic	high confidence set
chr17	27	38869363	38869292	Cys	GCA	0	0	81.8	62.50	19.30	Inf	Cys	118.1	cytosolic	high confidence set
chr17	28	38861755	38861684	Cys	GCA	0	0	71.6	51.40	20.20	Inf	Cys	113.2	cytosolic	high confidence set
chr17	30	38751854	38751781	Asn	GTT	0	0	80.9	55.20	25.70	Inf	Asn	120.1	cytosolic	high confidence set
chr17	32	8227064	8226991	Ile	AAT	0	0	81.2	64.80	16.40	Inf	Ile	113.6	cytosolic	high confidence set
chr17	33	8226691	8226610	Ser	AGA	0	0	89.6	56.90	32.70	Inf	Ser	133.1	cytosolic	high confidence set
chr17	34	8226308	8226235	Thr	AGT	0	0	82.6	61.60	21.00	Inf	Thr	105.0	cytosolic	high confidence set
chr17	35	8222904	8222833	Pro	CGG	0	0	70.2	43.80	26.40	Inf	Pro	121.0	cytosolic	high confidence set
chr17	36	8222309	8222238	Asp	GTC	0	0	66.5	35.70	30.80	Inf	Asp	109.9	cytosolic	high confidence set
chr17	37	8220940	8220869	Trp	CCA	0	0	73.4	53.00	20.40	Inf	Trp	105.5	cytosolic	high confidence set
chr17	39	8139525	8139452	Thr	AGT	0	0	80.1	59.10	21.00	Inf	Thr	101.8	cytosolic	high confidence set
chr17	40	8138962	8138881	Ser	CGA	0	0	95.1	66.10	29.00	Inf	Ser	130.4	cytosolic	high confidence set
chr17	41	8120395	8120314	Leu	TAG	0	0	75.2	53.50	21.70	Inf	Leu	119.1	cytosolic	high confidence set
chr19	1	1383563	1383636	Asn	GTT	0	0	80.9	55.20	25.70	Inf	Asn	120.1	cytosolic	high confidence set
chr19	2	4724070	4724141	Gly	TCC	0	0	73.8	49.30	24.50	Inf	Gly	102.9	cytosolic	high confidence set
chr19	4	33177057	33177130	Thr	AGT	0	0	82.6	61.60	21.00	Inf	Thr	105.0	cytosolic	high confidence set
chr19	5	35575848	35575920	Lys	CTT	0	0	54.8	42.40	12.40	Inf	Lys	87.4	cytosolic	high confidence set
chr19	6	51922213	51922140	Lys	CTT	0	0	56.6	41.80	14.80	Inf	Lys	94.8	cytosolic	trunc_start:2,high confidence set
chr19	8	45478687	45478601	SeC	TCA	0	0	146.9	0.00	0.00	Inf	SeC	146.9	cytosolic	high confidence set
chr19	10	39412260	39412168	Ile	TAT	39412222	39412204	73.8	45.60	28.20	Inf	Ile	106.3	cytosolic	high confidence set
chr19	11	4724707	4724635	Val	CAC	0	0	79.2	49.10	30.10	Inf	Val	112.4	cytosolic	high confidence set
chr19	12	1383434	1383362	Phe	GAA	0	0	88.9	68.40	20.50	Inf	Phe	124.5	cytosolic	high confidence set
chr1_KI270713v1_random	1	31706	31635	Glu	TTC	0	0	63.9	43.90	20.00	Inf	Glu	109.8	cytosolic	high confidence set
chr1_KI270713v1_random	2	28828	28755	Asn	GTT	0	0	68.7	53.50	15.20	Inf	Asn	103.4	cytosolic	high confidence set
chr2	2	27050782	27050870	Tyr	GTA	27050819	27050834	77.9	50.10	27.80	Inf	Tyr	119.0	cytosolic	high confidence set
chr2	3	27051214	27051286	Ala	AGC	0	0	59.7	36.10	23.60	Inf	Ala	92.8	cytosolic	high confidence set
chr2	5	42810536	42810628	Ile	TAT	42810574	42810592	73.2	45.00	28.20	Inf	Ile	105.7	cytosolic	high confidence set
chr2	10	156400769	156400840	Ala	CGC	0	0	74.4	54.40	20.00	Inf	Ala	109.6	cytosolic	high confidence set
chr2	12	218245826	218245918	Tyr	ATA	218245863	218245882	57.6	34.40	23.20	Inf	Tyr	92.4	cytosolic	unexpected anticodon
chr2	17	156401217	156401147	Gly	GCC	0	0	81.0	59.90	21.10	Inf	Gly	111.7	cytosolic	high confidence set
chr2	19	130337199	130337128	Glu	TTC	0	0	72.5	47.50	25.00	Inf	Glu	106.4	cytosolic	high confidence set
chr2	22	70249061	70248991	Gly	CCC	0	0	75.1	46.00	29.10	Inf	Gly	100.7	cytosolic	high confidence set
chr21	1	17454859	17454789	Gly	GCC	0	0	80.9	60.10	20.80	Inf	Gly	108.6	cytosolic	high confidence set
chr3	3	169772230	169772302	Val	AAC	0	0	79.4	49.30	30.10	Inf	Val	116.7	cytosolic	high confidence set
chr3	6	132231869	132231798	Cys	GCA	0	0	77.2	56.90	20.30	Inf	Cys	117.0	cytosolic	high confidence set
chr3	7	132229171	132229100	Cys	GCA	0	0	79.3	62.00	17.30	Inf	Cys	115.9	cytosolic	high confidence set
chr3	10	45689071	45688999	Arg	ACG	0	0	64.2	45.60	18.60	Inf	Arg	98.9	cytosolic	high confidence set
chr4	1	123508921	123508850	Cys	GCA	0	0	81.9	61.60	20.30	Inf	Cys	118.5	cytosolic	high confidence set
chr5	2	181097070	181097142	Val	CAC	0	0	79.4	49.30	30.10	Inf	Val	116.7	cytosolic	high confidence set
chr5	3	181101840	181101921	Leu	AAG	0	0	75.2	53.50	21.70	Inf	Leu	119.1	cytosolic	high confidence set
chr5	4	181164154	181164226	Val	AAC	0	0	79.4	49.30	30.10	Inf	Val	116.7	cytosolic	high confidence set
chr5	5	181169610	181169682	Val	AAC	0	0	79.4	49.30	30.10	Inf	Val	116.7	cytosolic	high confidence set
chr5	6	181173650	181173722	Val	CAC	0	0	79.4	49.30	30.10	Inf	Val	116.7	cytosolic	high confidence set
chr5	7	181187701	181187782	Leu	AAG	0	0	74.8	55.10	19.70	Inf	Leu	116.5	cytosolic	high confidence set
chr5	8	181206868	181206939	Ala	TGC	0	0	79.7	55.30	24.40	Inf	Ala	111.9	cytosolic	high confidence set
chr5	9	181207755	181207827	Lys	CTT	0	0	87.8	68.80	19.00	Inf	Lys	122.7	cytosolic	high confidence set
chr5	10	181222467	181222395	Val	CAC	0	0	79.4	49.30	30.10	Inf	Val	116.7	cytosolic	high confidence set
chr5	11	181222051	181221979	Lys	CTT	0	0	87.8	68.80	19.00	Inf	Lys	122.7	cytosolic	high confidence set
chr5	12	181218342	181218270	Val	AAC	0	0	79.4	49.30	30.10	Inf	Val	116.7	cytosolic	high confidence set
chr5	13	181191758	181191687	Thr	TGT	0	0	75.7	50.60	25.10	Inf	Thr	86.4	cytosolic	high confidence set
chr5	14	181188925	181188854	Pro	TGG	0	0	70.3	43.90	26.40	Inf	Pro	121.0	cytosolic	high confidence set
chr5	15	181188488	181188416	Val	AAC	0	0	79.4	49.30	30.10	Inf	Val	113.3	cytosolic	high confidence set
chr5	16	181174125	181174044	Leu	AAG	0	0	75.2	53.50	21.70	Inf	Leu	119.1	cytosolic	high confidence set
chr5	18	181102325	181102253	Val	CAC	0	0	79.4	49.30	30.10	Inf	Val	116.7	cytosolic	high confidence set
chr5	19	181097555	181097474	Leu	AAG	0	0	75.2	53.50	21.70	Inf	Leu	119.1	cytosolic	high confidence set
chr5	23	26198502	26198430	Lys	CTT	0	0	58.2	47.60	10.60	Inf	Lys	85.4	cytosolic	high confidence set
chr6	1	18836171	18836242	Gln	CTG	0	0	71.5	44.00	27.50	Inf	Gln	112.1	cytosolic	high confidence set
chr6	2	26286526	26286597	iMet	CAT	0	0	60.4	30.80	29.60	Inf	iMet	130.6	cytosolic	high confidence set
chr6	3	26299677	26299749	Arg	TCG	0	0	66.8	46.00	20.80	Inf	Arg	96.1	cytosolic	high confidence set
chr6	4	26322818	26322890	Arg	TCG	0	0	70.3	47.80	22.50	Inf	Arg	97.8	cytosolic	high confidence set
chr6	5	26327589	26327670	Ser	AGA	0	0	89.6	56.90	32.70	Inf	Ser	133.1	cytosolic	high confidence set
chr6	6	26328140	26328212	Arg	ACG	0	0	67.6	45.90	21.70	Inf	Arg	101.0	cytosolic	high confidence set
chr6	7	26521208	26521290	Leu	CAG	0	0	78.2	47.50	30.70	Inf	Leu	124.9	cytosolic	high confidence set
chr6	8	26537498	26537570	Arg	ACG	0	0	67.6	45.90	21.70	Inf	Arg	101.0	cytosolic	high confidence set
chr6	9	26538054	26538126	Val	CAC	0	0	79.4	49.30	30.10	Inf	Val	116.7	cytosolic	high confidence set
chr6	10	26553503	26553574	Ala	CGC	0	0	79.7	55.30	24.40	Inf	Ala	113.7	cytosolic	high confidence set
chr6	11	26554122	26554195	Ile	AAT	0	0	81.2	64.80	16.40	Inf	Ile	114.0	cytosolic	high confidence set
chr6	12	26555270	26555341	Pro	AGG	0	0	70.2	43.80	26.40	Inf	Pro	121.0	cytosolic	high confidence set
chr6	13	26556546	26556618	Lys	CTT	0	0	87.8	68.80	19.00	Inf	Lys	122.7	cytosolic	high confidence set
chr6	14	26568858	26568948	Tyr	GTA	26568895	26568912	77.9	50.00	27.90	Inf	Tyr	120.3	cytosolic	high confidence set
chr6	15	26575570	26575659	Tyr	GTA	26575607	26575623	72.4	48.20	24.20	Inf	Tyr	115.3	cytosolic	high confidence set
chr6	16	26577104	26577192	Tyr	GTA	26577141	26577156	77.5	51.40	26.10	Inf	Tyr	118.4	cytosolic	high confidence set
chr6	17	26594874	26594962	Tyr	GTA	26594911	26594926	75.1	48.90	26.20	Inf	Tyr	117.5	cytosolic	high confidence set
chr6	18	26673362	26673434	Ala	AGC	0	0	58.9	34.90	24.00	Inf	Ala	94.1	cytosolic	high confidence set
chr6	19	26682487	26682559	Ala	AGC	0	0	60.0	36.00	24.00	Inf	Ala	94.9	cytosolic	high confidence set
chr6	20	26687257	26687329	Ala	AGC	0	0	60.1	36.10	24.00	Inf	Ala	90.1	cytosolic	high confidence set
chr6	21	26701483	26701555	Met	CAT	0	0	79.2	55.30	23.90	Inf	Met	109.1	cytosolic	high confidence set
chr6	22	26705377	26705449	Ala	AGC	0	0	58.7	34.60	24.10	Inf	Ala	92.8	cytosolic	high confidence set
chr6	25	26730534	26730606	Ala	AGC	0	0	58.3	34.20	24.10	Inf	Ala	92.4	cytosolic	high confidence set
chr6	26	26743263	26743335	Met	CAT	0	0	80.2	56.30	23.90	Inf	Met	108.2	cytosolic	high confidence set
chr6	27	26756552	26756625	Ile	AAT	0	0	81.6	63.70	17.90	Inf	Ile	109.3	cytosolic	high confidence set
chr6	28	26766234	26766306	Met	CAT	0	0	80.2	56.30	23.90	Inf	Met	108.2	cytosolic	high confidence set
chr6	29	26780622	26780695	Ile	AAT	0	0	81.2	64.80	16.40	Inf	Ile	111.0	cytosolic	high confidence set
chr6	30	27020346	27020439	Ile	TAT	27020384	27020403	73.1	45.00	28.10	Inf	Ile	105.7	cytosolic	high confidence set
chr6	31	27091742	27091813	Pro	CGG	0	0	65.9	39.70	26.20	Inf	Pro	117.8	cytosolic	high confidence set
chr6	32	27097306	27097387	Ser	GCT	0	0	91.9	63.40	28.50	Inf	Ser	129.8	cytosolic	high confidence set
chr6	34	27158127	27158198	His	GTG	0	0	60.1	29.80	30.30	Inf	His	104.9	cytosolic	high confidence set
chr6	35	27162271	27162344	Thr	AGT	0	0	80.6	60.60	20.00	Inf	Thr	99.7	cytosolic	high confidence set
chr6	36	27209849	27209930	Ser	CGA	0	0	94.0	65.10	28.90	Inf	Ser	128.4	cytosolic	high confidence set
chr6	37	27215173	27215245	Arg	ACG	0	0	64.2	45.60	18.60	Inf	Arg	98.9	cytosolic	high confidence set
chr6	38	27235509	27235581	Val	AAC	0	0	67.0	48.80	18.20	Inf	Val	107.5	cytosolic	high confidence set
chr6	40	27273960	27274033	Ile	AAT	0	0	79.3	61.60	17.70	Inf	Ile	103.3	cytosolic	high confidence set
chr6	42	27290626	27290698	Val	TAC	0	0	68.7	38.20	30.50	Inf	Val	105.0	cytosolic	high confidence set
chr6	44	27295433	27295504	Gln	CTG	0	0	66.2	41.90	24.30	Inf	Gln	107.5	cytosolic	high confidence set
chr6	45	27297996	27298077	Ser	GCT	0	0	91.0	63.40	27.60	Inf	Ser	124.0	cytosolic	high confidence set
chr6	46	27478812	27478893	Ser	AGA	0	0	89.6	56.90	32.70	Inf	Ser	133.1	cytosolic	high confidence set
chr6	47	27479674	27479745	Asp	GTC	0	0	66.5	35.70	30.80	Inf	Asp	109.9	cytosolic	high confidence set
chr6	48	27495814	27495895	Ser	AGA	0	0	89.6	56.90	32.70	Inf	Ser	133.1	cytosolic	high confidence set
chr6	49	27503039	27503120	Ser	AGA	0	0	89.6	56.90	32.70	Inf	Ser	133.1	cytosolic	high confidence set
chr6	50	27503744	27503815	Asp	GTC	0	0	66.5	35.70	30.80	Inf	Asp	109.9	cytosolic	high confidence set
chr6	51	27519529	27519600	Gln	CTG	0	0	71.5	44.00	27.50	Inf	Gln	112.1	cytosolic	high confidence set
chr6	52	27532208	27532289	Ser	AGA	0	0	87.2	54.30	32.90	Inf	Ser	128.1	cytosolic	high confidence set
chr6	53	27545689	27545770	Ser	TGA	0	0	90.4	57.50	32.90	Inf	Ser	133.5	cytosolic	high confidence set
chr6	54	27562184	27562270	Arg	TCT	27562221	27562234	61.4	48.20	13.20	Inf	Arg	94.7	cytosolic	high confidence set
chr6	56	27618356	27618429	Thr	CGT	0	0	66.2	45.50	20.70	Inf	Thr	83.7	cytosolic	high confidence set
chr6	57	27631421	27631514	Ile	TAT	27631459	27631478	73.1	45.00	28.10	Inf	Ile	105.7	cytosolic	high confidence set
chr6	59	27668583	27668656	Ile	AAT	0	0	75.8	59.40	16.40	Inf	Ile	106.5	cytosolic	high confidence set
chr6	60	27688188	27688261	Ile	AAT	0	0	86.3	64.40	21.90	Inf	Ile	114.6	cytosolic	high confidence set
chr6	61	27726694	27726767	Thr	AGT	0	0	81.2	60.00	21.20	Inf	Thr	100.2	cytosolic	high confidence set
chr6	62	27777885	27777956	iMet	CAT	0	0	51.7	22.20	29.50	Inf	iMet	123.2	cytosolic	high confidence set
chr6	63	28213037	28213118	Ser	GCT	0	0	85.2	58.30	26.90	Inf	Ser	121.9	cytosolic	high confidence set
chr6	65	28537590	28537683	Ile	TAT	28537628	28537647	72.1	44.00	28.10	Inf	Ile	104.7	cytosolic	high confidence set
chr6	66	28589379	28589450	Gln	TTG	0	0	70.0	42.80	27.20	Inf	Gln	112.7	cytosolic	high confidence set
chr6	67	28607156	28607227	Ala	AGC	0	0	80.3	57.00	23.30	Inf	Ala	112.9	cytosolic	high confidence set
chr6	68	28643445	28643516	Ala	TGC	0	0	79.7	55.30	24.40	Inf	Ala	113.7	cytosolic	high confidence set
chr6	69	28710589	28710660	Ala	AGC	0	0	84.2	60.20	24.00	Inf	Ala	112.2	cytosolic	high confidence set
chr6	70	28719704	28719775	Ala	AGC	0	0	84.7	61.10	23.60	Inf	Ala	112.0	cytosolic	high confidence set
chr6	71	28726018	28726091	Thr	AGT	0	0	80.7	59.80	20.90	Inf	Thr	103.5	cytosolic	high confidence set
chr6	72	28729315	28729386	Ala	CGC	0	0	76.1	56.20	19.90	Inf	Ala	105.8	cytosolic	high confidence set
chr6	73	28747744	28747816	Lys	TTT	0	0	74.9	59.70	15.20	Inf	Lys	91.8	cytosolic	high confidence set
chr6	75	28881388	28881460	Arg	CCG	0	0	67.0	49.40	17.60	Inf	Arg	100.7	cytosolic	high confidence set
chr6	76	28941053	28941157	Leu	CAA	28941091	28941112	77.2	53.10	24.10	Inf	Leu	128.5	cytosolic	high confidence set
chr6	77	28944575	28944647	Met	CAT	0	0	77.4	55.00	22.40	Inf	Met	115.9	cytosolic	high confidence set
chr6	78	28951029	28951101	Lys	TTT	0	0	87.8	67.30	20.50	Inf	Lys	113.5	cytosolic	high confidence set
chr6	79	28982199	28982270	Glu	CTC	0	0	73.2	49.00	24.20	Inf	Glu	113.6	cytosolic	high confidence set
chr6	80	28989002	28989083	Leu	AAG	0	0	73.8	54.10	19.70	Inf	Leu	114.3	cytosolic	high confidence set
chr6	82	57800211	57800284	Ile	AAT	0	0	78.2	62.20	16.00	Inf	Ile	101.3	cytosolic	high confidence set
chr6	84	57822973	57823046	Ile	AAT	0	0	81.9	65.50	16.40	Inf	Ile	109.8	cytosolic	high confidence set
chr6	87	144216547	144216629	Leu	TAA	0	0	88.7	58.10	30.60	Inf	Leu	117.1	cytosolic	high confidence set
chr6	88	145182723	145182794	Gln	TTG	0	0	58.1	40.00	18.10	Inf	Gln	99.5	cytosolic	high confidence set
chr6	91	125780318	125780247	Glu	CTC	0	0	73.2	49.00	24.20	Inf	Glu	113.6	cytosolic	high confidence set
chr6	93	57870417	57870345	Ala	AGC	0	0	53.1	35.40	17.70	Inf	Ala	85.5	cytosolic	high confidence set
chr6	95	57856473	57856401	Ala	AGC	0	0	60.0	36.00	24.00	Inf	Ala	94.9	cytosolic	high confidence set
chr6	96	57842286	57842214	Met	CAT	0	0	66.2	46.20	20.00	Inf	Met	92.0	cytosolic	high confidence set
chr6	97	57838422	57838350	Ala	AGC	0	0	58.7	34.60	24.10	Inf	Ala	92.8	cytosolic	high confidence set
chr6	99	57816046	57815974	Ala	AGC	0	0	57.2	31.70	25.50	Inf	Ala	88.2	cytosolic	high confidence set
chr6	103	28981744	28981672	Phe	GAA	0	0	88.9	68.40	20.50	Inf	Phe	124.5	cytosolic	high confidence set
chr6	104	28953337	28953265	Met	CAT	0	0	77.4	55.00	22.40	Inf	Met	115.9	cytosolic	high confidence set
chr6	105	28943703	28943622	Leu	AAG	0	0	74.8	55.10	19.70	Inf	Leu	116.5	cytosolic	high confidence set
chr6	106	28941672	28941601	Gln	CTG	0	0	71.5	44.00	27.50	Inf	Gln	112.1	cytosolic	high confidence set
chr6	107	28896328	28896223	Leu	CAA	28896290	28896268	77.2	53.10	24.10	Inf	Leu	128.5	cytosolic	high confidence set
chr6	108	28863756	28863685	Ala	AGC	0	0	84.7	61.10	23.60	Inf	Ala	112.0	cytosolic	high confidence set
chr6	109	28838515	28838444	Ala	AGC	0	0	84.7	61.10	23.60	Inf	Ala	112.0	cytosolic	high confidence set
chr6	111	28823389	28823316	Phe	GAA	0	0	75.5	56.80	18.70	Inf	Phe	110.9	cytosolic	high confidence set
chr6	112	28817306	28817235	Ala	TGC	0	0	75.3	47.10	28.20	Inf	Ala	108.2	cytosolic	high confidence set
chr6	113	28812143	28812072	Ala	AGC	0	0	74.1	52.30	21.80	Inf	Ala	99.8	cytosolic	high confidence set
chr6	114	28807905	28807833	Phe	GAA	0	0	88.3	69.20	19.10	Inf	Phe	117.0	cytosolic	high confidence set
chr6	115	28802870	28802800	Ala	TGC	0	0	60.0	47.40	12.60	Inf	Ala	90.6	cytosolic	high confidence set
chr6	116	28796035	28795964	Ala	AGC	0	0	84.9	60.60	24.30	Inf	Ala	113.0	cytosolic	high confidence set
chr6	117	28790794	28790722	Phe	GAA	0	0	88.9	68.40	20.50	Inf	Phe	124.5	cytosolic	high confidence set
chr6	118	28789841	28789770	Ala	TGC	0	0	80.5	56.50	24.00	Inf	Ala	113.7	cytosolic	high confidence set
chr6	120	28763670	28763597	Phe	GAA	0	0	58.8	42.80	16.00	Inf	Phe	97.0	cytosolic	high confidence set
chr6	121	28758435	28758364	Ala	TGC	0	0	74.2	54.90	19.30	Inf	Ala	104.7	cytosolic	high confidence set
chr6	122	28743024	28742952	Arg	CCG	0	0	67.0	49.40	17.60	Inf	Arg	100.7	cytosolic	high confidence set
chr6	123	28735500	28735429	Val	AAC	0	0	69.9	58.00	11.90	Inf	Ala	88.1	cytosolic	IPD:-43.10,isotype mismatch
chr6	127	28673907	28673836	Ala	CGC	0	0	79.7	55.30	24.40	Inf	Ala	111.9	cytosolic	high confidence set
chr6	128	28658308	28658237	Ala	AGC	0	0	76.1	58.70	17.40	Inf	Ala	107.8	cytosolic	high confidence set
chr6	129	28648280	28648207	Thr	CGT	0	0	77.1	58.30	18.80	Inf	Thr	101.8	cytosolic	high confidence set
chr6	131	28597421	28597340	Ser	GCT	0	0	88.4	61.60	26.80	Inf	Ser	127.3	cytosolic	high confidence set
chr6	132	28543186	28543114	Arg	TCG	0	0	65.5	44.80	20.70	Inf	Arg	97.2	cytosolic	high confidence set
chr6	133	28489066	28488993	Thr	CGT	0	0	78.4	59.30	19.10	Inf	Thr	101.5	cytosolic	high confidence set
chr6	134	28478704	28478623	Leu	AAG	0	0	64.4	50.40	14.00	Inf	Leu	103.4	cytosolic	high confidence set
chr6	135	28474625	28474552	Thr	TGT	0	0	83.3	59.90	23.40	Inf	Thr	104.3	cytosolic	high confidence set
chr6	136	27902978	27902908	Gly	GCC	0	0	81.0	59.90	21.10	Inf	Gly	111.7	cytosolic	high confidence set
chr6	137	27902564	27902493	iMet	CAT	0	0	60.4	30.80	29.60	Inf	iMet	130.6	cytosolic	high confidence set
chr6	138	27795932	27795861	Gln	TTG	0	0	66.9	47.20	19.70	Inf	Gln	106.5	cytosolic	high confidence set
chr6	139	27791427	27791356	Gln	CTG	0	0	64.7	45.00	19.70	Inf	Gln	98.6	cytosolic	high confidence set
chr6	140	27753472	27753400	Val	AAC	0	0	79.4	49.30	30.10	Inf	Val	116.7	cytosolic	high confidence set
chr6	142	27721201	27721119	Leu	TAA	0	0	90.8	62.10	28.70	Inf	Leu	104.9	cytosolic	high confidence set
chr6	143	27684768	27684695	Thr	AGT	0	0	81.4	60.50	20.90	Inf	Thr	102.0	cytosolic	high confidence set
chr6	144	27681178	27681106	Val	AAC	0	0	69.2	47.30	21.90	Inf	Val	107.4	cytosolic	high confidence set
chr6	145	27672531	27672450	Ser	CGA	0	0	94.6	62.60	32.00	Inf	Ser	120.3	cytosolic	high confidence set
chr6	146	27670637	27670565	Arg	ACG	0	0	64.2	45.60	18.60	Inf	Arg	98.9	cytosolic	high confidence set
chr6	147	27651000	27650928	Val	AAC	0	0	72.8	42.70	30.10	Inf	Val	103.6	cytosolic	high confidence set
chr6	148	27605745	27605638	Leu	CAA	27605707	27605684	78.0	51.40	26.60	Inf	Leu	133.2	cytosolic	high confidence set
chr6	149	27602675	27602569	Leu	CAA	27602637	27602615	77.3	51.00	26.30	Inf	Leu	132.9	cytosolic	high confidence set
chr6	150	27592892	27592821	iMet	CAT	0	0	60.4	30.80	29.60	Inf	iMet	130.6	cytosolic	high confidence set
chr6	151	27591886	27591814	Lys	TTT	0	0	86.8	65.70	21.10	Inf	Lys	112.4	cytosolic	high confidence set
chr6	152	27583528	27583457	Asp	GTC	0	0	58.2	35.70	22.50	Inf	Asp	96.1	cytosolic	high confidence set
chr6	153	27553494	27553413	Ser	AGA	0	0	78.8	53.30	25.50	Inf	Ser	120.7	cytosolic	high confidence set
chr6	154	27547823	27547752	Gln	CTG	0	0	70.9	43.40	27.50	Inf	Gln	109.9	cytosolic	high confidence set
chr6	155	27541856	27541775	Ser	AGA	0	0	90.3	57.50	32.80	Inf	Ser	133.5	cytosolic	high confidence set
chr6	156	27505909	27505828	Ser	TGA	0	0	84.0	56.20	27.80	Inf	Ser	128.2	cytosolic	high confidence set
chr6	157	27335062	27334990	Lys	TTT	0	0	85.2	66.20	19.00	Inf	Lys	108.7	cytosolic	high confidence set
chr6	158	27333056	27332985	iMet	CAT	0	0	60.4	30.80	29.60	Inf	iMet	130.6	cytosolic	high confidence set
chr6	160	27280342	27280270	Val	CAC	0	0	80.5	51.70	28.80	Inf	Val	113.4	cytosolic	high confidence set
chr6	161	27275284	27275211	Ile	AAT	0	0	84.9	64.10	20.80	Inf	Ile	110.8	cytosolic	high confidence set
chr6	162	27237644	27237571	Ile	AAT	0	0	81.2	64.80	16.40	Inf	Ile	114.0	cytosolic	high confidence set
chr6	163	27230637	27230555	Leu	TAA	0	0	83.8	58.90	24.90	Inf	Leu	99.7	cytosolic	high confidence set
chr6	164	27213916	27213844	Arg	ACG	0	0	64.2	45.60	18.60	Inf	Arg	98.9	cytosolic	high confidence set
chr6	165	27206160	27206088	Val	CAC	0	0	63.1	42.50	20.60	Inf	Val	97.8	cytosolic	high confidence set
chr6	166	27177288	27177215	Ile	AAT	0	0	81.2	64.80	16.40	Inf	Ile	114.0	cytosolic	high confidence set
chr6	167	26828299	26828227	Ala	AGC	0	0	58.9	34.90	24.00	Inf	Ala	94.1	cytosolic	high confidence set
chr6	168	26819181	26819109	Ala	AGC	0	0	60.0	36.00	24.00	Inf	Ala	94.9	cytosolic	high confidence set
chr6	169	26814411	26814339	Ala	AGC	0	0	60.1	36.10	24.00	Inf	Ala	90.1	cytosolic	high confidence set
chr6	170	26800185	26800113	Met	CAT	0	0	79.2	55.30	23.90	Inf	Met	109.1	cytosolic	high confidence set
chr6	171	26796281	26796209	Ala	AGC	0	0	58.7	34.60	24.10	Inf	Ala	92.8	cytosolic	high confidence set
chr6	174	26771152	26771080	Ala	AGC	0	0	58.3	34.20	24.10	Inf	Ala	92.4	cytosolic	high confidence set
chr6	177	26735442	26735370	Met	CAT	0	0	80.2	56.30	23.90	Inf	Met	108.2	cytosolic	high confidence set
chr6	178	26721065	26720992	Ile	AAT	0	0	81.2	64.80	16.40	Inf	Ile	111.0	cytosolic	high confidence set
chr6	179	26571936	26571864	Ala	AGC	0	0	58.9	34.90	24.00	Inf	Ala	92.8	cytosolic	high confidence set
chr6	180	26532990	26532917	Thr	AGT	0	0	81.4	60.50	20.90	Inf	Thr	102.0	cytosolic	high confidence set
chr6	181	26331515	26331444	Trp	CCA	0	0	73.3	50.60	22.70	Inf	Trp	106.9	cytosolic	high confidence set
chr6	182	26330372	26330301	iMet	CAT	0	0	60.4	30.80	29.60	Inf	iMet	130.6	cytosolic	high confidence set
chr6	183	26319173	26319102	Trp	CCA	0	0	73.3	50.60	22.70	Inf	Trp	106.9	cytosolic	high confidence set
chr6	184	26313195	26313124	iMet	CAT	0	0	60.4	30.80	29.60	Inf	iMet	130.6	cytosolic	high confidence set
chr6	185	26312677	26312596	Ser	TGA	0	0	89.7	56.90	32.80	Inf	Ser	133.1	cytosolic	high confidence set
chr6	186	26311818	26311747	Gln	TTG	0	0	66.9	47.20	19.70	Inf	Gln	106.5	cytosolic	high confidence set
chr6	187	26311267	26311196	Gln	TTG	0	0	66.9	47.20	19.70	Inf	Gln	106.5	cytosolic	high confidence set
chr6	188	26305573	26305490	Ser	GCT	0	0	71.6	55.20	16.40	Inf	Ser	113.8	cytosolic	high confidence set
chr7	3	99469684	99469755	Trp	CCA	0	0	68.8	46.10	22.70	Inf	Trp	104.7	cytosolic	high confidence set
chr7	4	128783450	128783521	Pro	AGG	0	0	70.2	43.80	26.40	Inf	Pro	121.0	cytosolic	high confidence set
chr7	5	139340700	139340772	Arg	CCT	0	0	65.6	51.50	14.10	Inf	Arg	98.1	cytosolic	high confidence set
chr7	8	149310190	149310261	Cys	GCA	0	0	84.1	61.60	22.50	Inf	Cys	116.7	cytosolic	high confidence set
chr7	9	149331129	149331200	Cys	GCA	0	0	77.2	56.90	20.30	Inf	Cys	117.0	cytosolic	high confidence set
chr7	10	149546540	149546611	Cys	GCA	0	0	70.0	50.50	19.50	Inf	Cys	106.0	cytosolic	high confidence set
chr7	11	149556711	149556780	Cys	GCA	0	0	64.9	43.60	21.30	Inf	Cys	95.3	cytosolic	high confidence set
chr7	13	149584725	149584796	Cys	GCA	0	0	70.5	52.20	18.30	Inf	Cys	110.9	cytosolic	high confidence set
chr7	14	149597955	149598026	Cys	GCA	0	0	65.6	50.70	14.90	Inf	Cys	106.8	cytosolic	high confidence set
chr7	17	149635687	149635758	Cys	GCA	0	0	77.2	56.90	20.30	Inf	Cys	117.0	cytosolic	high confidence set
chr7	18	149664824	149664895	Cys	GCA	0	0	60.7	44.40	16.30	Inf	Cys	102.3	cytosolic	high confidence set
chr7	19	149707669	149707740	Cys	GCA	0	0	77.2	56.90	20.30	Inf	Cys	117.0	cytosolic	high confidence set
chr7	20	149691252	149691181	Cys	GCA	0	0	70.7	53.60	17.10	Inf	Cys	107.7	cytosolic	high confidence set
chr7	21	149647026	149646955	Cys	GCA	0	0	72.4	51.80	20.60	Inf	Cys	106.1	cytosolic	high confidence set
chr7	22	149613136	149613065	Cys	GCA	0	0	69.2	49.40	19.80	Inf	Cys	110.7	cytosolic	high confidence set
chr7	23	149595285	149595214	Cys	GCA	0	0	59.1	44.40	14.70	Inf	Cys	91.8	cytosolic	high confidence set
chr7	24	149589144	149589073	Cys	GCA	0	0	79.1	56.40	22.70	Inf	Cys	113.2	cytosolic	high confidence set
chr7	25	149415209	149415138	Cys	GCA	0	0	76.9	57.80	19.10	Inf	Cys	112.8	cytosolic	high confidence set
chr7	27	149377581	149377510	Cys	GCA	0	0	74.9	54.70	20.20	Inf	Cys	113.7	cytosolic	high confidence set
chr7	28	149375830	149375759	Cys	GCA	0	0	71.8	55.30	16.50	Inf	Cys	110.1	cytosolic	high confidence set
chr7	30	149355746	149355675	Cys	GCA	0	0	74.0	50.60	23.40	Inf	Cys	114.7	cytosolic	high confidence set
chr8	3	66113367	66113459	Tyr	GTA	66113404	66113423	75.3	47.50	27.80	Inf	Tyr	118.0	cytosolic	high confidence set
chr8	4	66113988	66114076	Tyr	GTA	66114025	66114040	75.5	47.60	27.90	Inf	Tyr	118.0	cytosolic	high confidence set
chr8	5	66114189	66114261	Ala	AGC	0	0	59.7	36.10	23.60	Inf	Ala	92.8	cytosolic	high confidence set
chr8	8	123157302	123157230	Met	CAT	0	0	82.3	60.90	21.40	Inf	Met	116.4	cytosolic	high confidence set
chr8	9	95269738	95269657	Ser	AGA	0	0	89.6	56.90	32.70	Inf	Ser	133.1	cytosolic	high confidence set
chr8	12	65697384	65697297	Tyr	GTA	65697347	65697332	52.0	34.70	17.30	Inf	Tyr	76.0	cytosolic	high confidence set
chr9	4	110198523	110198595	Arg	TCG	0	0	53.7	40.80	12.90	Inf	Arg	83.5	cytosolic	high confidence set
chr9	5	128340166	128340076	Arg	TCT	128340129	128340112	70.1	49.80	20.30	Inf	Arg	104.1	cytosolic	high confidence set
chr9	8	14434011	14433940	His	GTG	0	0	60.1	29.80	30.30	Inf	His	104.9	cytosolic	high confidence set
chrX	4	18674981	18674909	Val	TAC	0	0	82.9	54.70	28.20	Inf	Val	111.9	cytosolic	high confidence set
chrX	6	3915303	3915230	Ile	GAT	0	0	75.5	50.20	25.30	Inf	Ile	98.0	cytosolic	high confidence set
chrX	8	3876874	3876801	Ile	GAT	0	0	75.5	50.20	25.30	Inf	Ile	98.0	cytosolic	high confidence set
chrX	10	3838450	3838377	Ile	GAT	0	0	75.5	50.20	25.30	Inf	Ile	98.0	cytosolic	high confidence set
